2026-05-18 17:35:31,322 INFO  [sample1] parsed 10 questions (per_main_marks_fallback=14)
2026-05-18 17:35:31,330 INFO  [sample2] parsed 0 questions (per_main_marks_fallback=14)
2026-05-18 17:35:31,336 INFO  [junk] parsed 0 questions (per_main_marks_fallback=None)
2026-05-18 17:35:31,490 INFO  [2020-DEC.pdf] parsed 14 questions (per_main_marks_fallback=14)
2026-05-18 17:36:21,631 INFO  [sample1] parsed 10 questions (per_main_marks_fallback=14)
2026-05-18 17:36:21,633 INFO  [sample2] parsed 6 questions (per_main_marks_fallback=14)
2026-05-18 17:36:21,635 INFO  [junk] parsed 0 questions (per_main_marks_fallback=None)
2026-05-18 17:36:21,789 INFO  [2020-DEC.pdf] parsed 15 questions (per_main_marks_fallback=14)
2026-05-18 17:36:30,280 INFO  [2020-DEC.pdf] parsed 15 questions (per_main_marks_fallback=14)
2026-05-18 17:36:30,297 INFO  [2020-JUN.pdf] parsed 16 questions (per_main_marks_fallback=14)
2026-05-18 17:36:56,006 INFO  [2024-DEC.pdf] parsed 14 questions (per_main_marks_fallback=14)
2026-05-18 17:37:19,284 INFO  [2025-DEC.pdf] parsed 8 questions (per_main_marks_fallback=None)
2026-05-18 17:40:20,993 INFO  [sample1] parsed 10 questions (per_main_marks_fallback=14)
2026-05-18 17:40:20,996 INFO  [sample2] parsed 6 questions (per_main_marks_fallback=14)
2026-05-18 17:40:21,000 INFO  [junk] parsed 0 questions (per_main_marks_fallback=None)
2026-05-18 17:40:21,025 INFO  [2020-DEC.pdf] parsed 15 questions (per_main_marks_fallback=14)
2026-05-18 17:42:26,081 INFO  [ALL-301/2024-JUN] parsed 12 questions (per_main_marks_fallback=None)
2026-05-18 17:42:50,307 INFO  [ALL-301/2025-JUN] parsed 15 questions (per_main_marks_fallback=None)
2026-05-18 17:43:15,076 INFO  [ALL-BT-301/2025-JUN] drop empty/short QQ3
2026-05-18 17:43:15,077 INFO  [ALL-BT-301/2025-JUN] drop empty/short QQ4
2026-05-18 17:43:15,077 INFO  [ALL-BT-301/2025-JUN] drop empty/short QQ4
2026-05-18 17:43:15,079 INFO  [ALL-BT-301/2025-JUN] parsed 15 questions (per_main_marks_fallback=None)
2026-05-18 17:43:34,104 INFO  [BT-401/2023-JUN] parsed 10 questions (per_main_marks_fallback=None)
2026-05-18 17:43:52,512 INFO  [BT-401/2024-DEC] drop empty/short QQ1
2026-05-18 17:43:52,512 INFO  [BT-401/2024-DEC] drop empty/short QQ1
2026-05-18 17:43:52,512 INFO  [BT-401/2024-DEC] drop empty/short QQ2
2026-05-18 17:43:52,513 INFO  [BT-401/2024-DEC] drop empty/short QQ4
2026-05-18 17:43:52,513 INFO  [BT-401/2024-DEC] drop empty/short QQ18
2026-05-18 17:43:52,513 INFO  [BT-401/2024-DEC] drop empty/short QQ44
2026-05-18 17:43:52,513 INFO  [BT-401/2024-DEC] drop empty/short QQ84
2026-05-18 17:43:52,514 INFO  [BT-401/2024-DEC] drop empty/short QQ2
2026-05-18 17:43:52,514 INFO  [BT-401/2024-DEC] drop empty/short QQ2
2026-05-18 17:43:52,514 INFO  [BT-401/2024-DEC] drop empty/short QQ3
2026-05-18 17:43:52,514 INFO  [BT-401/2024-DEC] drop empty/short QQ3
2026-05-18 17:43:52,514 INFO  [BT-401/2024-DEC] drop empty/short QQ4
2026-05-18 17:43:52,514 INFO  [BT-401/2024-DEC] drop empty/short QQ1
2026-05-18 17:43:52,514 INFO  [BT-401/2024-DEC] drop empty/short QQ7
2026-05-18 17:43:52,514 INFO  [BT-401/2024-DEC] drop empty/short QQ13
2026-05-18 17:43:52,515 INFO  [BT-401/2024-DEC] drop empty/short QQ24
2026-05-18 17:43:52,515 INFO  [BT-401/2024-DEC] drop empty/short QQ38
2026-05-18 17:43:52,515 INFO  [BT-401/2024-DEC] drop empty/short QQ59
2026-05-18 17:43:52,515 INFO  [BT-401/2024-DEC] parsed 18 questions (per_main_marks_fallback=None)
2026-05-18 17:44:15,190 INFO  [BT-401/2024-JUN] drop empty/short QQ1
2026-05-18 17:44:15,191 INFO  [BT-401/2024-JUN] drop empty/short QQ1
2026-05-18 17:44:15,193 INFO  [BT-401/2024-JUN] drop empty/short QQ65
2026-05-18 17:44:15,194 INFO  [BT-401/2024-JUN] drop empty/short QQ6
2026-05-18 17:44:15,195 INFO  [BT-401/2024-JUN] parsed 17 questions (per_main_marks_fallback=None)
2026-05-18 17:44:39,388 INFO  [BT-401/2025-JUN] drop empty/short QQ2
2026-05-18 17:44:39,389 INFO  [BT-401/2025-JUN] drop empty/short QQ2
2026-05-18 17:44:39,389 INFO  [BT-401/2025-JUN] drop empty/short QQ2
2026-05-18 17:44:39,390 INFO  [BT-401/2025-JUN] drop empty/short QQ2
2026-05-18 17:44:39,391 INFO  [BT-401/2025-JUN] parsed 15 questions (per_main_marks_fallback=None)
2026-05-18 17:45:13,514 INFO  [CS-302/2024-DEC] parsed 12 questions (per_main_marks_fallback=14)
2026-05-18 17:45:53,232 INFO  [CS-302/2024-JUN] parsed 13 questions (per_main_marks_fallback=None)
2026-05-18 17:46:43,826 INFO  [CS-302/2025-JUN] parsed 11 questions (per_main_marks_fallback=14)
2026-05-18 17:47:08,085 INFO  [CS-303/2025-DEC] parsed 5 questions (per_main_marks_fallback=14)
2026-05-18 17:47:34,800 INFO  [CS-304/2025-DEC] parsed 5 questions (per_main_marks_fallback=14)
2026-05-18 17:47:54,554 INFO  [CS-305/2023-DEC] parsed 18 questions (per_main_marks_fallback=14)
2026-05-18 17:48:31,709 INFO  [CS-305/2024-DEC] parsed 16 questions (per_main_marks_fallback=None)
2026-05-18 17:48:47,996 INFO  [CS-402/2024-DEC] parsed 14 questions (per_main_marks_fallback=14)
2026-05-18 17:49:10,065 INFO  [CS-402/2024-JUN] parsed 19 questions (per_main_marks_fallback=14)
2026-05-18 17:49:42,009 INFO  [CS-402/2025-JUN] parsed 16 questions (per_main_marks_fallback=14)
2026-05-18 17:50:01,880 INFO  [CS-403/2024-DEC] parsed 14 questions (per_main_marks_fallback=None)
2026-05-18 17:50:27,406 INFO  [CS-403/2024-JUN] drop empty/short QQ8(b)
2026-05-18 17:50:27,407 INFO  [CS-403/2024-JUN] parsed 17 questions (per_main_marks_fallback=None)
2026-05-18 17:51:09,191 INFO  [CS-403/2025-JUN] parsed 31 questions (per_main_marks_fallback=14)
2026-05-18 17:51:32,185 INFO  [CS-404/2024-JUN] parsed 14 questions (per_main_marks_fallback=14)
2026-05-18 17:51:55,354 INFO  [CS-404/2025-JUN] parsed 18 questions (per_main_marks_fallback=None)
2026-05-18 17:52:21,366 INFO  [CS-405/2024-JUN] parsed 7 questions (per_main_marks_fallback=None)
2026-05-18 17:52:52,366 INFO  [CS-405/2025-JUN] parsed 9 questions (per_main_marks_fallback=14)
2026-05-18 17:52:53,789 INFO  [CS-501/2020-DEC] parsed 15 questions (per_main_marks_fallback=14)
2026-05-18 17:52:55,138 INFO  [CS-501/2020-JUN] parsed 15 questions (per_main_marks_fallback=14)
2026-05-18 17:53:10,261 INFO  [CS-501/2025-DEC] parsed 5 questions (per_main_marks_fallback=14)
2026-05-18 17:53:11,620 INFO  [CS-502/2020-DEC] parsed 15 questions (per_main_marks_fallback=14)
2026-05-18 17:53:13,283 INFO  [CS-502/2020-JUN] parsed 16 questions (per_main_marks_fallback=14)
2026-05-18 17:53:28,012 INFO  [CS-502/2024-DEC] parsed 14 questions (per_main_marks_fallback=14)
2026-05-18 17:53:47,047 INFO  [CS-502/2025-DEC] parsed 8 questions (per_main_marks_fallback=None)
2026-05-18 17:53:47,232 INFO  [CS-503-C/2020-DEC] parsed 15 questions (per_main_marks_fallback=14)
2026-05-18 17:53:47,438 INFO  [CS-503-C/2020-JUN] parsed 16 questions (per_main_marks_fallback=14)
2026-05-18 17:54:03,983 INFO  [CS-503-C/2024-DEC] parsed 9 questions (per_main_marks_fallback=14)
2026-05-18 17:54:25,695 INFO  [CS-503-C/2025-DEC] drop empty/short QQ5
2026-05-18 17:54:25,696 INFO  [CS-503-C/2025-DEC] parsed 6 questions (per_main_marks_fallback=None)
2026-05-18 17:54:41,517 INFO  [CS-504/2025-DEC] parsed 7 questions (per_main_marks_fallback=None)
2026-05-18 17:54:41,737 INFO  [CS-601/2020-DEC] parsed 16 questions (per_main_marks_fallback=14)
2026-05-18 17:55:00,356 INFO  [CS-601/2024-DEC] parsed 11 questions (per_main_marks_fallback=None)
2026-05-18 17:55:15,214 INFO  [CS-601/2025-JUN] parsed 13 questions (per_main_marks_fallback=None)
2026-05-18 17:55:39,299 INFO  [CS-602/2024-DEC] parsed 13 questions (per_main_marks_fallback=None)
2026-05-18 17:55:59,918 INFO  [CS-602/2025-JUN] parsed 16 questions (per_main_marks_fallback=14)
2026-05-18 17:56:15,562 INFO  [CS-603-A/2025-JUN] parsed 11 questions (per_main_marks_fallback=None)
2026-05-18 17:56:32,486 INFO  [CS-603-C/2025-JUN] parsed 15 questions (per_main_marks_fallback=14)
2026-05-18 17:56:33,773 INFO  [CS-604-B/2020-DEC] parsed 13 questions (per_main_marks_fallback=14)
2026-05-18 17:56:49,359 INFO  [CS-604-B/2024-DEC] parsed 14 questions (per_main_marks_fallback=None)
2026-05-18 17:57:06,763 INFO  [sample1] parsed 10 questions (per_main_marks_fallback=14)
2026-05-18 17:57:06,765 INFO  [sample2] parsed 6 questions (per_main_marks_fallback=14)
2026-05-18 17:57:06,767 INFO  [junk] parsed 0 questions (per_main_marks_fallback=None)
2026-05-18 17:57:06,796 INFO  [2020-DEC.pdf] parsed 15 questions (per_main_marks_fallback=14)
2026-05-18 17:57:10,865 INFO  [CS-604-B/2025-JUN] parsed 12 questions (per_main_marks_fallback=14)
2026-05-18 17:57:28,372 INFO  [CS-701/2024-DEC] parsed 12 questions (per_main_marks_fallback=None)
2026-05-18 17:57:51,361 INFO  [CS-701/2025-DEC] parsed 8 questions (per_main_marks_fallback=None)
2026-05-18 17:58:15,485 INFO  [CS-701/2025-JUN] parsed 12 questions (per_main_marks_fallback=14)
2026-05-18 17:58:32,406 INFO  [CS-702-D/2025-DEC] parsed 8 questions (per_main_marks_fallback=None)
2026-05-18 17:58:33,827 INFO  [CS-703-A/2020-DEC] parsed 15 questions (per_main_marks_fallback=14)
2026-05-18 17:58:51,912 INFO  [CS-703-A/2025-DEC] parsed 4 questions (per_main_marks_fallback=14)
2026-05-18 17:59:16,613 INFO  [CS-703-B/2024-DEC] parsed 11 questions (per_main_marks_fallback=14)
2026-05-18 17:59:44,405 INFO  [CS-703-B/2025-JUN] parsed 12 questions (per_main_marks_fallback=14)
2026-05-18 18:00:31,109 INFO  [CS-703-C/2025-DEC] parsed 8 questions (per_main_marks_fallback=None)
2026-05-18 18:00:57,867 INFO  [CS-801/2024-DEC] drop empty/short QQ1(b)
2026-05-18 18:00:57,870 INFO  [CS-801/2024-DEC] parsed 13 questions (per_main_marks_fallback=None)
2026-05-18 18:01:15,632 INFO  [CS-801/2025-JUN] parsed 12 questions (per_main_marks_fallback=14)
2026-05-18 18:01:35,196 INFO  [CS-802-B/2024-DEC] parsed 12 questions (per_main_marks_fallback=14)
2026-05-18 18:01:54,676 INFO  [CS-802-B/2025-JUN] parsed 11 questions (per_main_marks_fallback=None)
2026-05-18 18:02:13,227 INFO  [CS-803-A/2024-DEC] parsed 10 questions (per_main_marks_fallback=None)
2026-05-18 18:02:33,954 INFO  [CS-803-A/2025-JUN] parsed 12 questions (per_main_marks_fallback=14)
2026-05-18 18:02:49,851 INFO  [CS-803-D/2025-JUN] parsed 15 questions (per_main_marks_fallback=14)
2026-05-18 18:02:51,687 INFO  [EC-302/2020-DEC] drop empty/short QQ8(a)
2026-05-18 18:02:51,687 INFO  [EC-302/2020-DEC] drop empty/short QQ8(b)
2026-05-18 18:02:51,688 INFO  [EC-302/2020-DEC] parsed 16 questions (per_main_marks_fallback=14)
2026-05-18 18:02:53,090 INFO  [EC-302/2020-JUN] parsed 16 questions (per_main_marks_fallback=14)
2026-05-18 18:03:13,566 INFO  [EC-302/2023-DEC] parsed 16 questions (per_main_marks_fallback=14)
2026-05-18 18:03:30,625 INFO  [EC-302/2024-DEC] parsed 14 questions (per_main_marks_fallback=None)
2026-05-18 18:03:53,859 INFO  [EC-302/2024-JUN] parsed 14 questions (per_main_marks_fallback=None)
2026-05-18 18:04:19,534 INFO  [EC-302/2025-DEC] parsed 8 questions (per_main_marks_fallback=14)
2026-05-18 18:04:34,400 INFO  [EC-302/2025-JUN] drop empty/short QQ8(b)
2026-05-18 18:04:34,400 INFO  [EC-302/2025-JUN] parsed 15 questions (per_main_marks_fallback=None)
2026-05-18 18:04:34,654 INFO  [EC-303/2020-DEC] drop empty/short QQ68
2026-05-18 18:04:34,659 INFO  [EC-303/2020-DEC] drop empty/short QQ8(a)
2026-05-18 18:04:34,659 INFO  [EC-303/2020-DEC] parsed 17 questions (per_main_marks_fallback=14)
2026-05-18 18:04:34,894 INFO  [EC-303/2020-JUN] parsed 18 questions (per_main_marks_fallback=14)
2026-05-18 18:05:02,102 INFO  [EC-303/2023-DEC] parsed 12 questions (per_main_marks_fallback=14)
2026-05-18 18:05:19,975 INFO  [EC-303/2023-JUN] parsed 10 questions (per_main_marks_fallback=14)
2026-05-18 18:05:38,723 INFO  [EC-303/2024-DEC] parsed 16 questions (per_main_marks_fallback=14)
2026-05-18 18:05:55,525 INFO  [EC-303/2024-JUN] drop empty/short QQ7(a)
2026-05-18 18:05:55,526 INFO  [EC-303/2024-JUN] drop empty/short QQ7(b)
2026-05-18 18:05:55,526 INFO  [EC-303/2024-JUN] parsed 14 questions (per_main_marks_fallback=None)
2026-05-18 18:06:16,139 INFO  [EC-303/2025-JUN] parsed 18 questions (per_main_marks_fallback=None)
2026-05-18 18:06:49,537 INFO  [EC-304/2024-DEC] parsed 11 questions (per_main_marks_fallback=None)
2026-05-18 18:07:18,008 INFO  [EC-304/2025-DEC] parsed 8 questions (per_main_marks_fallback=None)
2026-05-18 18:07:40,353 INFO  [EC-304/2025-JUN] parsed 13 questions (per_main_marks_fallback=None)
2026-05-18 18:08:02,459 INFO  [EC-305/2023-DEC] parsed 12 questions (per_main_marks_fallback=None)
2026-05-18 18:08:38,145 INFO  [EC-305/2024-DEC] parsed 11 questions (per_main_marks_fallback=14)
2026-05-18 18:09:08,767 INFO  [EC-305/2024-JUN] drop empty/short QQ44
2026-05-18 18:09:08,770 INFO  [EC-305/2024-JUN] parsed 14 questions (per_main_marks_fallback=None)
2026-05-18 18:09:26,707 INFO  [EC-402/2022-JUN] parsed 11 questions (per_main_marks_fallback=14)
2026-05-18 18:09:49,527 INFO  [EC-402/2023-JUN] parsed 10 questions (per_main_marks_fallback=14)
2026-05-18 18:10:11,532 INFO  [EC-402/2024-DEC] parsed 12 questions (per_main_marks_fallback=None)
2026-05-18 18:10:38,673 INFO  [EC-402/2024-JUN] parsed 17 questions (per_main_marks_fallback=14)
2026-05-18 18:11:07,804 INFO  [EC-402/2025-JUN] parsed 17 questions (per_main_marks_fallback=None)
2026-05-18 18:11:08,070 INFO  [EC-403/2020-DEC] parsed 14 questions (per_main_marks_fallback=14)
2026-05-18 18:11:08,301 INFO  [EC-403/2020-JUN] drop empty/short QQ8(a)
2026-05-18 18:11:08,301 INFO  [EC-403/2020-JUN] drop empty/short QQ8(b)
2026-05-18 18:11:08,302 INFO  [EC-403/2020-JUN] parsed 16 questions (per_main_marks_fallback=14)
2026-05-18 18:11:35,318 INFO  [EC-403/2022-JUN] parsed 11 questions (per_main_marks_fallback=14)
2026-05-18 18:11:59,838 INFO  [EC-403/2023-JUN] parsed 9 questions (per_main_marks_fallback=14)
2026-05-18 18:12:22,280 INFO  [EC-403/2024-DEC] parsed 16 questions (per_main_marks_fallback=None)
2026-05-18 18:12:48,106 INFO  [EC-403/2024-JUN] parsed 15 questions (per_main_marks_fallback=None)
2026-05-18 18:13:05,158 INFO  [EC-403/2025-JUN] parsed 12 questions (per_main_marks_fallback=14)
2026-05-18 18:13:05,416 INFO  [EC-404/2020-DEC] parsed 17 questions (per_main_marks_fallback=14)
2026-05-18 18:13:05,640 INFO  [EC-404/2020-JUN] parsed 16 questions (per_main_marks_fallback=14)
2026-05-18 18:13:24,132 INFO  [EC-404/2022-JUN] parsed 16 questions (per_main_marks_fallback=14)
2026-05-18 18:13:55,300 INFO  [EC-404/2023-JUN] parsed 14 questions (per_main_marks_fallback=14)
2026-05-18 18:14:21,195 INFO  [EC-404/2024-DEC] parsed 13 questions (per_main_marks_fallback=None)
2026-05-18 18:15:21,913 INFO  [EC-404/2024-JUN] parsed 14 questions (per_main_marks_fallback=14)
2026-05-18 18:15:56,608 INFO  [EC-404/2025-JUN] parsed 14 questions (per_main_marks_fallback=None)
2026-05-18 18:15:58,374 INFO  [EC-405/2020-JUN] parsed 18 questions (per_main_marks_fallback=14)
2026-05-18 18:16:27,130 INFO  [EC-405/2022-JUN] parsed 16 questions (per_main_marks_fallback=14)
2026-05-18 18:16:48,856 INFO  [EC-405/2023-JUN] parsed 12 questions (per_main_marks_fallback=None)
2026-05-18 18:17:09,529 INFO  [EC-405/2024-DEC] parsed 13 questions (per_main_marks_fallback=None)
2026-05-18 18:17:35,597 INFO  [EC-405/2025-JUN] parsed 13 questions (per_main_marks_fallback=14)
2026-05-18 18:17:35,868 INFO  [EC-501/2020-DEC] drop empty/short QQ8(a)
2026-05-18 18:17:35,869 INFO  [EC-501/2020-DEC] drop empty/short QQ8(b)
2026-05-18 18:17:35,869 INFO  [EC-501/2020-DEC] parsed 17 questions (per_main_marks_fallback=14)
2026-05-18 18:17:36,158 INFO  [EC-501/2020-JUN] drop empty/short QQ8(a)
2026-05-18 18:17:36,158 INFO  [EC-501/2020-JUN] parsed 18 questions (per_main_marks_fallback=14)
2026-05-18 18:17:51,680 INFO  [EC-501/2024-DEC] parsed 13 questions (per_main_marks_fallback=None)
2026-05-18 18:18:12,098 INFO  [EC-501/2025-JUN] parsed 14 questions (per_main_marks_fallback=14)
2026-05-18 18:18:12,382 INFO  [EC-502/2020-DEC] drop empty/short QQ8(a)
2026-05-18 18:18:12,382 INFO  [EC-502/2020-DEC] parsed 18 questions (per_main_marks_fallback=14)
2026-05-18 18:18:12,648 INFO  [EC-502/2020-JUN] drop empty/short QQ8(a)
2026-05-18 18:18:12,648 INFO  [EC-502/2020-JUN] drop empty/short QQ8(b)
2026-05-18 18:18:12,648 INFO  [EC-502/2020-JUN] parsed 16 questions (per_main_marks_fallback=14)
2026-05-18 18:18:26,414 INFO  [EC-502/2024-DEC] parsed 14 questions (per_main_marks_fallback=None)
2026-05-18 18:18:55,779 INFO  [EC-502/2025-JUN] parsed 12 questions (per_main_marks_fallback=14)
2026-05-18 18:18:56,059 INFO  [EC-503-A/2020-DEC] parsed 19 questions (per_main_marks_fallback=14)
2026-05-18 18:18:56,305 INFO  [EC-503-A/2020-JUN] drop empty/short QQ3(a)
2026-05-18 18:18:56,310 INFO  [EC-503-A/2020-JUN] parsed 18 questions (per_main_marks_fallback=14)
2026-05-18 18:19:13,611 INFO  [EC-503-A/2024-DEC] parsed 17 questions (per_main_marks_fallback=None)
2026-05-18 18:19:29,436 INFO  [EC-504-A/2024-DEC] parsed 14 questions (per_main_marks_fallback=14)
2026-05-18 18:19:29,717 INFO  [EC-601/2020-DEC] drop empty/short QQ1(a)
2026-05-18 18:19:29,718 INFO  [EC-601/2020-DEC] drop empty/short QQ1(b)
2026-05-18 18:19:29,723 INFO  [EC-601/2020-DEC] drop empty/short QQ3(a)
2026-05-18 18:19:29,725 INFO  [EC-601/2020-DEC] drop empty/short QQ4(a)
2026-05-18 18:19:29,726 INFO  [EC-601/2020-DEC] drop empty/short QQ2
2026-05-18 18:19:29,729 INFO  [EC-601/2020-DEC] parsed 19 questions (per_main_marks_fallback=14)
2026-05-18 18:19:49,453 INFO  [EC-601/2024-DEC] parsed 14 questions (per_main_marks_fallback=None)
2026-05-18 18:20:11,503 INFO  [EC-601/2025-JUN] parsed 14 questions (per_main_marks_fallback=None)
2026-05-18 18:20:28,567 INFO  [EC-602/2024-DEC] parsed 14 questions (per_main_marks_fallback=None)
2026-05-18 18:20:50,173 INFO  [EC-602/2025-JUN] parsed 17 questions (per_main_marks_fallback=14)
2026-05-18 18:21:07,221 INFO  [EC-603-A/2024-DEC] drop empty/short QQ8(b)
2026-05-18 18:21:07,221 INFO  [EC-603-A/2024-DEC] parsed 13 questions (per_main_marks_fallback=None)
2026-05-18 18:21:24,820 INFO  [EC-603-A/2025-JUN] parsed 17 questions (per_main_marks_fallback=None)
2026-05-19 04:46:44,454 INFO  [EC-604-A/2020-DEC] drop empty/short QQ8(a)
2026-05-19 04:46:44,454 INFO  [EC-604-A/2020-DEC] drop empty/short QQ8(b)
2026-05-19 04:46:44,455 INFO  [EC-604-A/2020-DEC] parsed 16 questions (per_main_marks_fallback=14)
2026-05-19 04:47:12,358 INFO  [EC-604-A/2024-DEC] parsed 15 questions (per_main_marks_fallback=None)
2026-05-19 04:47:34,686 INFO  [EC-604-A/2025-JUN] parsed 16 questions (per_main_marks_fallback=None)
2026-05-19 04:47:57,887 INFO  [EC-604-C/2024-DEC] parsed 15 questions (per_main_marks_fallback=None)
2026-05-19 04:48:18,120 INFO  [EC-604-C/2025-JUN] parsed 18 questions (per_main_marks_fallback=14)
2026-05-19 04:48:18,370 INFO  [EC-701/2020-DEC] parsed 16 questions (per_main_marks_fallback=14)
2026-05-19 04:48:33,994 INFO  [EC-701/2024-DEC] parsed 14 questions (per_main_marks_fallback=None)
2026-05-19 04:48:52,600 INFO  [EC-701/2025-DEC] parsed 7 questions (per_main_marks_fallback=14)
2026-05-19 04:49:10,059 INFO  [EC-701/2025-JUN] parsed 17 questions (per_main_marks_fallback=None)
2026-05-19 04:49:10,298 INFO  [EC-702-A/2020-DEC] parsed 16 questions (per_main_marks_fallback=14)
2026-05-19 04:49:28,873 INFO  [EC-702-A/2024-DEC] parsed 13 questions (per_main_marks_fallback=None)
2026-05-19 04:49:44,250 INFO  [EC-702-A/2025-DEC] parsed 8 questions (per_main_marks_fallback=14)
2026-05-19 04:49:44,450 INFO  [EC-703-A/2020-DEC] parsed 16 questions (per_main_marks_fallback=14)
2026-05-19 04:50:01,384 INFO  [EC-703-A/2024-DEC] parsed 14 questions (per_main_marks_fallback=14)
2026-05-19 04:50:14,512 INFO  [EC-703-A/2025-JUN] parsed 12 questions (per_main_marks_fallback=None)
2026-05-19 04:50:27,556 INFO  [EC-801/2025-JUN] drop empty/short QQ1
2026-05-19 04:50:27,557 INFO  [EC-801/2025-JUN] drop empty/short QQ8(a)
2026-05-19 04:50:27,557 INFO  [EC-801/2025-JUN] parsed 13 questions (per_main_marks_fallback=14)
2026-05-19 04:50:44,402 INFO  [EC-802-B/2025-JUN] parsed 17 questions (per_main_marks_fallback=14)
2026-05-19 04:51:01,522 INFO  [EC-803-A/2025-JUN] parsed 17 questions (per_main_marks_fallback=None)
2026-05-19 04:51:15,084 INFO  [IT-302/2025-DEC] parsed 0 questions (per_main_marks_fallback=14)
2026-05-19 04:51:15,174 INFO  [IT-303/2020-DEC] drop empty/short QQ8(b)
2026-05-19 04:51:15,175 INFO  [IT-303/2020-DEC] drop empty/short QQ8(a)
2026-05-19 04:51:15,175 INFO  [IT-303/2020-DEC] parsed 16 questions (per_main_marks_fallback=14)
2026-05-19 04:51:25,922 INFO  [IT-303/2025-DEC] parsed 0 questions (per_main_marks_fallback=14)
2026-05-19 04:51:25,977 INFO  [IT-304/2020-DEC] parsed 18 questions (per_main_marks_fallback=14)
2026-05-19 04:51:26,227 INFO  [IT-304/2020-JUN] parsed 16 questions (per_main_marks_fallback=14)
2026-05-19 04:51:39,745 INFO  [IT-304/2023-DEC] drop empty/short QQ8(a)
2026-05-19 04:51:39,746 INFO  [IT-304/2023-DEC] parsed 10 questions (per_main_marks_fallback=None)
2026-05-19 04:51:53,662 INFO  [IT-304/2024-DEC] parsed 16 questions (per_main_marks_fallback=14)
2026-05-19 04:52:05,042 INFO  [IT-304/2025-DEC] parsed 0 questions (per_main_marks_fallback=None)
2026-05-19 04:52:05,153 INFO  [IT-305/2020-DEC] parsed 13 questions (per_main_marks_fallback=14)
2026-05-19 04:52:05,478 INFO  [IT-305/2020-JUN] parsed 16 questions (per_main_marks_fallback=14)
2026-05-19 04:52:20,919 INFO  [IT-305/2023-JUN] parsed 11 questions (per_main_marks_fallback=14)
2026-05-19 04:52:29,517 INFO  [IT-305/2025-DEC] parsed 18 questions (per_main_marks_fallback=14)
2026-05-19 04:52:43,139 INFO  [IT-402/2025-JUN] parsed 15 questions (per_main_marks_fallback=None)
2026-05-19 04:53:02,390 INFO  [IT-403/2025-JUN] parsed 13 questions (per_main_marks_fallback=None)
2026-05-19 04:53:02,637 INFO  [IT-404/2020-DEC] parsed 19 questions (per_main_marks_fallback=14)
2026-05-19 04:53:02,849 INFO  [IT-404/2020-JUN] parsed 18 questions (per_main_marks_fallback=14)
2026-05-19 04:53:20,536 INFO  [IT-404/2022-JUN] parsed 14 questions (per_main_marks_fallback=None)
2026-05-19 04:53:36,764 INFO  [IT-404/2023-JUN] parsed 10 questions (per_main_marks_fallback=14)
2026-05-19 04:53:54,264 INFO  [IT-404/2024-DEC] parsed 10 questions (per_main_marks_fallback=None)
2026-05-19 04:54:12,237 INFO  [IT-404/2025-JUN] drop empty/short QQ8(b)
2026-05-19 04:54:12,238 INFO  [IT-404/2025-JUN] parsed 16 questions (per_main_marks_fallback=None)
2026-05-19 04:54:29,196 INFO  [IT-405/2025-JUN] parsed 14 questions (per_main_marks_fallback=14)
2026-05-19 04:54:29,420 INFO  [IT-501/2020-DEC] parsed 16 questions (per_main_marks_fallback=14)
2026-05-19 04:54:29,699 INFO  [IT-501/2020-JUN] parsed 16 questions (per_main_marks_fallback=14)
2026-05-19 04:54:54,253 INFO  [IT-501/2024-DEC] drop empty/short QQ10
2026-05-19 04:54:54,256 INFO  [IT-501/2024-DEC] parsed 19 questions (per_main_marks_fallback=14)
2026-05-19 04:55:06,547 INFO  [IT-501/2025-DEC] parsed 6 questions (per_main_marks_fallback=None)
2026-05-19 04:55:06,775 INFO  [IT-502/2020-DEC] parsed 18 questions (per_main_marks_fallback=14)
2026-05-19 04:55:06,980 INFO  [IT-502/2020-JUN] drop empty/short QQ3(b)
2026-05-19 04:55:06,981 INFO  [IT-502/2020-JUN] drop empty/short QQ4(b)
2026-05-19 04:55:06,981 INFO  [IT-502/2020-JUN] drop empty/short QQ7(a)
2026-05-19 04:55:06,981 INFO  [IT-502/2020-JUN] drop empty/short QQ7(b)
2026-05-19 04:55:06,981 INFO  [IT-502/2020-JUN] drop empty/short QQ8(a)
2026-05-19 04:55:06,981 INFO  [IT-502/2020-JUN] drop empty/short QQ8(b)
2026-05-19 04:55:06,981 INFO  [IT-502/2020-JUN] parsed 16 questions (per_main_marks_fallback=14)
2026-05-19 04:55:20,240 INFO  [IT-502/2024-DEC] drop empty/short QQ8(a)
2026-05-19 04:55:20,240 INFO  [IT-502/2024-DEC] drop empty/short QQ8(b)
2026-05-19 04:55:20,241 INFO  [IT-502/2024-DEC] parsed 14 questions (per_main_marks_fallback=14)
2026-05-19 04:55:20,744 INFO  [IT-503-C/2020-DEC] parsed 15 questions (per_main_marks_fallback=14)
2026-05-19 04:55:45,420 INFO  [IT-503-C/2024-DEC] parsed 15 questions (per_main_marks_fallback=None)
2026-05-19 04:55:45,846 INFO  [IT-504-C/2020-DEC] parsed 15 questions (per_main_marks_fallback=14)
2026-05-19 04:55:46,484 INFO  [IT-504-C/2020-JUN] parsed 15 questions (per_main_marks_fallback=14)
2026-05-19 04:56:06,619 INFO  [IT-504-C/2024-DEC] parsed 14 questions (per_main_marks_fallback=14)
2026-05-19 04:56:07,150 INFO  [IT-601/2020-DEC] parsed 16 questions (per_main_marks_fallback=14)
2026-05-19 04:56:17,934 INFO  [IT-601/2024-DEC] parsed 12 questions (per_main_marks_fallback=None)
2026-05-19 04:56:29,645 INFO  [IT-601/2025-JUN] parsed 13 questions (per_main_marks_fallback=None)
2026-05-19 04:56:29,896 INFO  [IT-602/2020-DEC] drop empty/short QQ8(b)
2026-05-19 04:56:29,896 INFO  [IT-602/2020-DEC] parsed 17 questions (per_main_marks_fallback=14)
2026-05-19 04:56:41,506 INFO  [IT-602/2024-DEC] drop empty/short QQ8(a)
2026-05-19 04:56:41,506 INFO  [IT-602/2024-DEC] drop empty/short QQ8(b)
2026-05-19 04:56:41,506 INFO  [IT-602/2024-DEC] parsed 14 questions (per_main_marks_fallback=None)
2026-05-19 04:56:54,820 INFO  [IT-602/2025-JUN] parsed 12 questions (per_main_marks_fallback=14)
2026-05-19 04:57:06,570 INFO  [IT-603-A/2025-JUN] parsed 11 questions (per_main_marks_fallback=14)
2026-05-19 04:57:07,134 INFO  [IT-603-B/2020-DEC] parsed 15 questions (per_main_marks_fallback=14)
2026-05-19 04:57:23,532 INFO  [IT-603-B/2025-JUN] parsed 15 questions (per_main_marks_fallback=None)
2026-05-19 04:57:23,763 INFO  [IT-604-B/2020-DEC] parsed 16 questions (per_main_marks_fallback=14)
2026-05-19 04:57:38,340 INFO  [IT-604-B/2025-JUN] drop empty/short QQ7
2026-05-19 04:57:38,342 INFO  [IT-604-B/2025-JUN] parsed 14 questions (per_main_marks_fallback=None)
2026-05-19 04:57:38,591 INFO  [IT-701/2020-DEC] parsed 12 questions (per_main_marks_fallback=14)
2026-05-19 04:57:48,961 INFO  [IT-701/2024-DEC] parsed 13 questions (per_main_marks_fallback=None)
2026-05-19 04:57:49,188 INFO  [IT-702-B/2020-DEC] parsed 15 questions (per_main_marks_fallback=14)
2026-05-19 04:58:00,030 INFO  [IT-702-B/2024-DEC] drop empty/short QQ6(b)
2026-05-19 04:58:00,031 INFO  [IT-702-B/2024-DEC] parsed 12 questions (per_main_marks_fallback=14)
2026-05-19 04:58:00,416 INFO  [IT-703-B/2020-DEC] parsed 14 questions (per_main_marks_fallback=14)
2026-05-19 04:58:13,151 INFO  [IT-703-B/2024-DEC] parsed 10 questions (per_main_marks_fallback=None)
2026-05-19 04:58:15,008 INFO  [IT-801/2020-JUN] drop empty/short QQ6(a)
2026-05-19 04:58:15,008 INFO  [IT-801/2020-JUN] drop empty/short QQ6(b)
2026-05-19 04:58:15,008 INFO  [IT-801/2020-JUN] drop empty/short QQ8(a)
2026-05-19 04:58:15,009 INFO  [IT-801/2020-JUN] parsed 18 questions (per_main_marks_fallback=14)
2026-05-19 04:58:34,460 INFO  [IT-801/2025-JUN] parsed 15 questions (per_main_marks_fallback=None)
2026-05-19 04:58:57,191 INFO  [IT-802-A/2025-JUN] parsed 15 questions (per_main_marks_fallback=14)
2026-05-19 04:59:11,686 INFO  [IT-803-A/2025-JUN] parsed 11 questions (per_main_marks_fallback=14)
2026-05-19 04:59:23,987 INFO  [IT-803-D/2025-JUN] parsed 15 questions (per_main_marks_fallback=14)
2026-05-19 04:59:24,234 INFO  [ME-302/2020-DEC] parsed 14 questions (per_main_marks_fallback=14)
2026-05-19 04:59:51,337 INFO  [ME-302/2023-DEC] parsed 12 questions (per_main_marks_fallback=14)
2026-05-19 05:00:12,760 INFO  [ME-302/2023-JUN] parsed 16 questions (per_main_marks_fallback=None)
2026-05-19 05:00:27,855 INFO  [ME-302/2024-DEC] parsed 16 questions (per_main_marks_fallback=None)
2026-05-19 05:00:46,334 INFO  [ME-302/2025-JUN] parsed 14 questions (per_main_marks_fallback=None)
2026-05-19 05:00:46,552 INFO  [ME-303/2020-DEC] parsed 15 questions (per_main_marks_fallback=14)
2026-05-19 05:00:58,179 INFO  [ME-303/2023-DEC] parsed 13 questions (per_main_marks_fallback=14)
2026-05-19 05:01:08,408 INFO  [ME-303/2023-JUN] parsed 13 questions (per_main_marks_fallback=14)
2026-05-19 05:01:22,605 INFO  [ME-303/2024-DEC] parsed 13 questions (per_main_marks_fallback=None)
2026-05-19 05:01:30,001 INFO  [ME-303/2024-JUN] parsed 4 questions (per_main_marks_fallback=None)
2026-05-19 05:01:42,106 INFO  [ME-303/2025-JUN] parsed 15 questions (per_main_marks_fallback=14)
2026-05-19 05:01:42,336 INFO  [ME-304/2020-DEC] parsed 14 questions (per_main_marks_fallback=14)
2026-05-19 05:02:05,794 INFO  [ME-304/2023-DEC] drop empty/short QQ1
2026-05-19 05:02:05,795 INFO  [ME-304/2023-DEC] parsed 11 questions (per_main_marks_fallback=None)
2026-05-19 05:02:27,822 INFO  [ME-304/2023-JUN] drop empty/short QQ7
2026-05-19 05:02:27,823 INFO  [ME-304/2023-JUN] parsed 18 questions (per_main_marks_fallback=14)
2026-05-19 05:02:59,586 INFO  [ME-304/2024-DEC] drop empty/short QQ2
2026-05-19 05:02:59,591 INFO  [ME-304/2024-DEC] parsed 12 questions (per_main_marks_fallback=14)
2026-05-19 05:03:13,257 INFO  [ME-304/2024-JUN] parsed 10 questions (per_main_marks_fallback=None)
2026-05-19 05:03:39,538 INFO  [ME-304/2025-JUN] parsed 15 questions (per_main_marks_fallback=None)
2026-05-19 05:03:39,788 INFO  [ME-305/2020-DEC] parsed 16 questions (per_main_marks_fallback=14)
2026-05-19 05:03:39,990 INFO  [ME-305/2020-JUN] drop empty/short QQ6(a)
2026-05-19 05:03:39,990 INFO  [ME-305/2020-JUN] drop empty/short QQ6(b)
2026-05-19 05:03:39,990 INFO  [ME-305/2020-JUN] drop empty/short QQ6(a)
2026-05-19 05:03:39,991 INFO  [ME-305/2020-JUN] parsed 16 questions (per_main_marks_fallback=14)
2026-05-19 05:04:00,588 INFO  [ME-305/2023-DEC] parsed 14 questions (per_main_marks_fallback=None)
2026-05-19 05:04:16,408 INFO  [sample1] parsed 10 questions (per_main_marks_fallback=14)
2026-05-19 05:04:16,410 INFO  [sample2] parsed 6 questions (per_main_marks_fallback=14)
2026-05-19 05:04:16,411 INFO  [junk] parsed 0 questions (per_main_marks_fallback=None)
2026-05-19 05:04:16,429 INFO  [2020-DEC.pdf] parsed 15 questions (per_main_marks_fallback=14)
